[2026-02-20T19:46:37.105Z] ==================================================
[2026-02-20T19:46:37.105Z] 🛒 NUOVO ORDINE RICEVUTO
[2026-02-20T19:46:37.114Z] Body ricevuto: {"email":"1@1.it","phone":"+321546786","items":[{"id":"cmluyctsb000ldg7otxg3s39b","type":"product","name":"Tote Bag","price":15,"quantity":1,"image":"/uploads/products/1771595909112-1920x1080_DATA_PESARO.jpg"}],"total":15,"type":"PRODUCT"}
[2026-02-20T19:46:37.114Z] Dati: email=1@1.it, phone=+321546786, items=1, total=15, type=PRODUCT
[2026-02-20T19:46:37.115Z] Prodotti: 1, Gift Card: 0
[2026-02-20T19:46:37.115Z] 📝 Generando numero ordine...
[2026-02-20T19:46:37.125Z] ✅ Numero ordine: 0004
[2026-02-20T19:46:37.125Z] 💾 Inizio transazione...
[2026-02-20T19:46:37.126Z]   🔍 Verifica disponibilità prodotti...
[2026-02-20T19:46:37.127Z]     Prodotto cmluyctsb000ldg7otxg3s39b - qty: 1
[2026-02-20T19:46:37.129Z]     Senza taglie - disponibile: 13
[2026-02-20T19:46:37.129Z]   ⬇️ Decremento disponibilità...
[2026-02-20T19:46:37.131Z]     Decrementato variant cmluyctsb000mdg7o4pis6aqd di 1
[2026-02-20T19:46:37.132Z]   📝 Creazione ordine...
[2026-02-20T19:46:37.134Z]   ✅ Ordine creato: cmlvawde60001lmqsm9ur10qp
[2026-02-20T19:46:37.134Z]   🎁 Creazione gift card...
[2026-02-20T19:46:37.135Z]   ✅ Gift card create: 0
[2026-02-20T19:46:37.139Z] ✅ Transazione completata!
[2026-02-20T19:46:37.140Z] 💳 Creazione sessione Stripe...
[2026-02-20T19:46:37.140Z]    Scadenza sessione: 2026-02-20T20:01:37.000Z
[2026-02-20T19:46:37.570Z] ❌ ERRORE: {"type":"StripeInvalidRequestError","raw":{"message":"The `expires_at` timestamp must be at least 30 minutes from Checkout Session creation.","request_log_url":"https://dashboard.stripe.com/acct_1T2ozQ4Zh4xenctp/test/workbench/logs?object=req_PBdqrdVZm922lr","type":"invalid_request_error","headers":{"server":"nginx","date":"Fri, 20 Feb 2026 19:46:37 GMT","content-type":"application/json","content-length":"285","connection":"keep-alive","access-control-allow-credentials":"true","access-control-allow-methods":"GET, HEAD, PUT, PATCH, POST, DELETE","access-control-allow-origin":"*","access-control-expose-headers":"Request-Id, Stripe-Manage-Version, Stripe-Should-Retry, X-Stripe-External-Auth-Required, X-Stripe-Privileged-Session-Required","access-control-max-age":"300","cache-control":"no-cache, no-store","content-security-policy":"base-uri 'none'; default-src 'none'; form-action 'none'; frame-ancestors 'none'; img-src 'self'; script-src 'self' 'report-sample'; style-src 'self'; worker-src 'none'; upgrade-insecure-requests; report-uri https://q.stripe.com/csp-violation?q=pYx0pJVtMubWRICjcXzJ3qVix9Oee8QC1l7BOix6abBF48eeh3pYSwiT4YYWVLC8fqoTYiTmo9Eb-DNh","idempotency-key":"stripe-node-retry-a9005269-51ec-49bc-ba19-47b6c9e102c4","original-request":"req_PBdqrdVZm922lr","request-id":"req_PBdqrdVZm922lr","stripe-should-retry":"false","stripe-version":"2026-01-28.clover","vary":"Origin","x-stripe-priority-routing-enabled":"true","x-stripe-routing-context-priority-tier":"api-testmode","x-wc":"ABGHIJ","strict-transport-security":"max-age=63072000; includeSubDomains; preload"},"statusCode":400,"requestId":"req_PBdqrdVZm922lr"},"rawType":"invalid_request_error","headers":{"server":"nginx","date":"Fri, 20 Feb 2026 19:46:37 GMT","content-type":"application/json","content-length":"285","connection":"keep-alive","access-control-allow-credentials":"true","access-control-allow-methods":"GET, HEAD, PUT, PATCH, POST, DELETE","access-control-allow-origin":"*","access-control-expose-headers":"Request-Id, Stripe-Manage-Version, Stripe-Should-Retry, X-Stripe-External-Auth-Required, X-Stripe-Privileged-Session-Required","access-control-max-age":"300","cache-control":"no-cache, no-store","content-security-policy":"base-uri 'none'; default-src 'none'; form-action 'none'; frame-ancestors 'none'; img-src 'self'; script-src 'self' 'report-sample'; style-src 'self'; worker-src 'none'; upgrade-insecure-requests; report-uri https://q.stripe.com/csp-violation?q=pYx0pJVtMubWRICjcXzJ3qVix9Oee8QC1l7BOix6abBF48eeh3pYSwiT4YYWVLC8fqoTYiTmo9Eb-DNh","idempotency-key":"stripe-node-retry-a9005269-51ec-49bc-ba19-47b6c9e102c4","original-request":"req_PBdqrdVZm922lr","request-id":"req_PBdqrdVZm922lr","stripe-should-retry":"false","stripe-version":"2026-01-28.clover","vary":"Origin","x-stripe-priority-routing-enabled":"true","x-stripe-routing-context-priority-tier":"api-testmode","x-wc":"ABGHIJ","strict-transport-security":"max-age=63072000; includeSubDomains; preload"},"requestId":"req_PBdqrdVZm922lr","statusCode":400}
[2026-02-20T19:50:16.937Z] ==================================================
[2026-02-20T19:50:16.938Z] 🛒 NUOVO ORDINE RICEVUTO
[2026-02-20T19:50:16.941Z] Body ricevuto: {"email":"1@1.it","phone":"+321654987","items":[{"id":"cmluyctsb000ldg7otxg3s39b","type":"product","name":"Tote Bag","price":15,"quantity":1,"image":"/uploads/products/1771595909112-1920x1080_DATA_PESARO.jpg"}],"total":15,"type":"PRODUCT"}
[2026-02-20T19:50:16.942Z] Dati: email=1@1.it, phone=+321654987, items=1, total=15, type=PRODUCT
[2026-02-20T19:50:16.943Z] Prodotti: 1, Gift Card: 0
[2026-02-20T19:50:16.943Z] 📝 Generando numero ordine...
[2026-02-20T19:50:16.946Z] ✅ Numero ordine: 0005
[2026-02-20T19:50:16.946Z] 💾 Inizio transazione...
[2026-02-20T19:50:16.948Z]   🔍 Verifica disponibilità prodotti...
[2026-02-20T19:50:16.948Z]     Prodotto cmluyctsb000ldg7otxg3s39b - qty: 1
[2026-02-20T19:50:16.950Z]     Senza taglie - disponibile: 12
[2026-02-20T19:50:16.950Z]   ⬇️ Decremento disponibilità...
[2026-02-20T19:50:16.955Z]     Decrementato variant cmluyctsb000mdg7o4pis6aqd di 1
[2026-02-20T19:50:16.955Z]   📝 Creazione ordine...
[2026-02-20T19:50:16.958Z]   ✅ Ordine creato: cmlvb130d0001xi80hcfd63h7
[2026-02-20T19:50:16.959Z]   🎁 Creazione gift card...
[2026-02-20T19:50:16.959Z]   ✅ Gift card create: 0
[2026-02-20T19:50:16.963Z] ✅ Transazione completata!
[2026-02-20T19:50:16.964Z] 💳 Creazione sessione Stripe...
[2026-02-20T19:50:16.964Z]    Scadenza sessione: 2026-02-20T20:20:16.000Z
[2026-02-20T19:50:17.598Z] ✅ Sessione Stripe creata: cs_test_a1fLOWlxEeRbcsU5nJKpQOAzYDc5ODMdetr8v7Gm0QHsfmQlE1bjrTr2JF
[2026-02-20T19:50:17.599Z] 🎉 ORDINE COMPLETATO!
[2026-02-20T19:54:09.696Z] ==================================================
[2026-02-20T19:54:09.697Z] 🛒 NUOVO ORDINE RICEVUTO
[2026-02-20T19:54:09.698Z] Body ricevuto: {"email":"1@1.it","phone":"+39321654987","items":[{"id":"cmluyctsb000ldg7otxg3s39b","type":"product","name":"Tote Bag","price":15,"quantity":1,"image":"/uploads/products/1771595909112-1920x1080_DATA_PESARO.jpg"}],"total":15,"type":"PRODUCT"}
[2026-02-20T19:54:09.699Z] Dati: email=1@1.it, phone=+39321654987, items=1, total=15, type=PRODUCT
[2026-02-20T19:54:09.699Z] Prodotti: 1, Gift Card: 0
[2026-02-20T19:54:09.700Z] 📝 Generando numero ordine...
[2026-02-20T19:54:09.702Z] ✅ Numero ordine: 0001
[2026-02-20T19:54:09.702Z] 💾 Inizio transazione...
[2026-02-20T19:54:09.703Z]   🔍 Verifica disponibilità prodotti...
[2026-02-20T19:54:09.704Z]     Prodotto cmluyctsb000ldg7otxg3s39b - qty: 1
[2026-02-20T19:54:09.706Z]     Senza taglie - disponibile: 10
[2026-02-20T19:54:09.706Z]   ⬇️ Decremento disponibilità...
[2026-02-20T19:54:09.710Z]     Decrementato variant cmluyctsb000mdg7o4pis6aqd di 1
[2026-02-20T19:54:09.711Z]   📝 Creazione ordine...
[2026-02-20T19:54:09.713Z]   ✅ Ordine creato: cmlvb62lt0005xi80dsy3zvuz
[2026-02-20T19:54:09.713Z]   🎁 Creazione gift card...
[2026-02-20T19:54:09.714Z]   ✅ Gift card create: 0
[2026-02-20T19:54:09.718Z] ✅ Transazione completata!
[2026-02-20T19:54:09.719Z] 💳 Creazione sessione Stripe...
[2026-02-20T19:54:09.719Z]    Scadenza sessione: 2026-02-20T20:24:09.000Z
[2026-02-20T19:54:10.263Z] ✅ Sessione Stripe creata: cs_test_a1l4nrVHVo1AAQ4UcREKhFt5Y5vIB2SRPlPRy7ats88gLk4ckxXIcDcWr4
[2026-02-20T19:54:10.264Z] 🎉 ORDINE COMPLETATO!
[2026-02-20T19:54:59.645Z] ==================================================
[2026-02-20T19:54:59.646Z] 🛒 NUOVO ORDINE RICEVUTO
[2026-02-20T19:54:59.647Z] Body ricevuto: {"email":"2@2.it","phone":"+32564987","items":[{"id":"cmluyctsb000ldg7otxg3s39b","type":"product","name":"Tote Bag","price":15,"quantity":1,"image":"/uploads/products/1771595909112-1920x1080_DATA_PESARO.jpg"}],"total":15,"type":"PRODUCT"}
[2026-02-20T19:54:59.647Z] Dati: email=2@2.it, phone=+32564987, items=1, total=15, type=PRODUCT
[2026-02-20T19:54:59.648Z] Prodotti: 1, Gift Card: 0
[2026-02-20T19:54:59.648Z] 📝 Generando numero ordine...
[2026-02-20T19:54:59.650Z] ✅ Numero ordine: 0002
[2026-02-20T19:54:59.650Z] 💾 Inizio transazione...
[2026-02-20T19:54:59.651Z]   🔍 Verifica disponibilità prodotti...
[2026-02-20T19:54:59.651Z]     Prodotto cmluyctsb000ldg7otxg3s39b - qty: 1
[2026-02-20T19:54:59.653Z]     Senza taglie - disponibile: 9
[2026-02-20T19:54:59.653Z]   ⬇️ Decremento disponibilità...
[2026-02-20T19:54:59.659Z]     Decrementato variant cmluyctsb000mdg7o4pis6aqd di 1
[2026-02-20T19:54:59.659Z]   📝 Creazione ordine...
[2026-02-20T19:54:59.661Z]   ✅ Ordine creato: cmlvb75580009xi80mhk04vrq
[2026-02-20T19:54:59.661Z]   🎁 Creazione gift card...
[2026-02-20T19:54:59.661Z]   ✅ Gift card create: 0
[2026-02-20T19:54:59.666Z] ✅ Transazione completata!
[2026-02-20T19:54:59.666Z] 💳 Creazione sessione Stripe...
[2026-02-20T19:54:59.667Z]    Scadenza sessione: 2026-02-20T20:24:59.000Z
[2026-02-20T19:55:00.142Z] ✅ Sessione Stripe creata: cs_test_a1xYILqsKnNVfuFtpDJFKVS7YcWEycIucZ4pByP2Ao4O5aALHNoyZGjU69
[2026-02-20T19:55:00.143Z] 🎉 ORDINE COMPLETATO!
[2026-02-20T19:56:14.100Z] ==================================================
[2026-02-20T19:56:14.101Z] 🛒 NUOVO ORDINE RICEVUTO
[2026-02-20T19:56:14.102Z] Body ricevuto: {"email":"3@3.i","phone":"+321654987","items":[{"id":"cmluyctsb000ldg7otxg3s39b","type":"product","name":"Tote Bag","price":15,"quantity":1,"image":"/uploads/products/1771595909112-1920x1080_DATA_PESARO.jpg"}],"total":15,"type":"PRODUCT"}
[2026-02-20T19:56:14.103Z] Dati: email=3@3.i, phone=+321654987, items=1, total=15, type=PRODUCT
[2026-02-20T19:56:14.103Z] Prodotti: 1, Gift Card: 0
[2026-02-20T19:56:14.104Z] 📝 Generando numero ordine...
[2026-02-20T19:56:14.105Z] ✅ Numero ordine: 0003
[2026-02-20T19:56:14.105Z] 💾 Inizio transazione...
[2026-02-20T19:56:14.106Z]   🔍 Verifica disponibilità prodotti...
[2026-02-20T19:56:14.107Z]     Prodotto cmluyctsb000ldg7otxg3s39b - qty: 1
[2026-02-20T19:56:14.109Z]     Senza taglie - disponibile: 9
[2026-02-20T19:56:14.109Z]   ⬇️ Decremento disponibilità...
[2026-02-20T19:56:14.115Z]     Decrementato variant cmluyctsb000mdg7o4pis6aqd di 1
[2026-02-20T19:56:14.116Z]   📝 Creazione ordine...
[2026-02-20T19:56:14.117Z]   ✅ Ordine creato: cmlvb8qlh000dxi80uahyo54p
[2026-02-20T19:56:14.118Z]   🎁 Creazione gift card...
[2026-02-20T19:56:14.118Z]   ✅ Gift card create: 0
[2026-02-20T19:56:14.123Z] ✅ Transazione completata!
[2026-02-20T19:56:14.123Z] 💳 Creazione sessione Stripe...
[2026-02-20T19:56:14.124Z]    Scadenza sessione: 2026-02-20T20:26:14.000Z
[2026-02-20T19:56:14.582Z] ✅ Sessione Stripe creata: cs_test_a1uir5umwMUdighn8VgnuV58cN7MlJj4Rz1GW2GF9cFKKWSYuHhCHEf6lH
[2026-02-20T19:56:14.583Z] 🎉 ORDINE COMPLETATO!
[2026-02-20T20:37:52.194Z] ==================================================
[2026-02-20T20:37:52.195Z] 🛒 NUOVO ORDINE RICEVUTO
[2026-02-20T20:37:52.197Z] Body ricevuto: {"email":"12@12.iy","phone":"+561315694","items":[{"id":"cmluyctsb000ldg7otxg3s39b","type":"product","name":"Tote Bag","price":15,"quantity":1,"image":"/uploads/products/1771595909112-1920x1080_DATA_PESARO.jpg"}],"total":15,"type":"PRODUCT"}
[2026-02-20T20:37:52.197Z] Dati: email=12@12.iy, phone=+561315694, items=1, total=15, type=PRODUCT
[2026-02-20T20:37:52.198Z] Prodotti: 1, Gift Card: 0
[2026-02-20T20:37:52.198Z] 📝 Generando numero ordine...
[2026-02-20T20:37:52.200Z] ✅ Numero ordine: 0004
[2026-02-20T20:37:52.200Z] 💾 Inizio transazione...
[2026-02-20T20:37:52.202Z]   🔍 Verifica disponibilità prodotti...
[2026-02-20T20:37:52.202Z]     Prodotto cmluyctsb000ldg7otxg3s39b - qty: 1
[2026-02-20T20:37:52.204Z]     Senza taglie - disponibile: 10
[2026-02-20T20:37:52.204Z]   ⬇️ Decremento disponibilità...
[2026-02-20T20:37:52.209Z]     Decrementato variant cmluyctsb000mdg7o4pis6aqd di 1
[2026-02-20T20:37:52.209Z]   📝 Creazione ordine...
[2026-02-20T20:37:52.212Z]   ✅ Ordine creato: cmlvcqa4z0001gepenz37b2kq
[2026-02-20T20:37:52.213Z]   🎁 Creazione gift card...
[2026-02-20T20:37:52.213Z]   ✅ Gift card create: 0
[2026-02-20T20:37:52.217Z] ✅ Transazione completata!
[2026-02-20T20:37:52.217Z] 💳 Creazione sessione Stripe...
[2026-02-20T20:37:52.218Z]    Scadenza sessione: 2026-02-20T21:07:52.000Z
[2026-02-20T20:37:52.825Z] ✅ Sessione Stripe creata: cs_test_a1XRYiByodwGMKH47FAFfBUslvVlt3bETQhV06n4NkVqotXjJS1pxfbj9G
[2026-02-20T20:37:52.826Z] 🎉 ORDINE COMPLETATO!
[2026-02-20T21:19:20.407Z] ==================================================
[2026-02-20T21:19:20.407Z] 🛒 NUOVO ORDINE RICEVUTO
[2026-02-20T21:19:20.408Z] Body ricevuto: {"email":"df@dfg.dfg","phone":"+6541894165195","items":[{"id":"cmluyctsb000ldg7otxg3s39b","type":"product","name":"Tote Bag","price":15,"quantity":1,"image":"/uploads/products/1771595909112-1920x1080_DATA_PESARO.jpg"}],"total":15,"type":"PRODUCT"}
[2026-02-20T21:19:20.409Z] Dati: email=df@dfg.dfg, phone=+6541894165195, items=1, total=15, type=PRODUCT
[2026-02-20T21:19:20.409Z] Prodotti: 1, Gift Card: 0
[2026-02-20T21:19:20.409Z] 📝 Generando numero ordine...
[2026-02-20T21:19:20.411Z] ✅ Numero ordine: 0005
[2026-02-20T21:19:20.412Z] 💾 Inizio transazione...
[2026-02-20T21:19:20.413Z]   🔍 Verifica disponibilità prodotti...
[2026-02-20T21:19:20.414Z]     Prodotto cmluyctsb000ldg7otxg3s39b - qty: 1
[2026-02-20T21:19:20.416Z]     Senza taglie - disponibile: 10
[2026-02-20T21:19:20.416Z]   ⬇️ Decremento disponibilità...
[2026-02-20T21:19:20.423Z]     Decrementato variant cmluyctsb000mdg7o4pis6aqd di 1
[2026-02-20T21:19:20.423Z]   📝 Creazione ordine...
[2026-02-20T21:19:20.425Z]   ✅ Ordine creato: cmlve7m210001y04055adhipy
[2026-02-20T21:19:20.425Z]   🎁 Creazione gift card...
[2026-02-20T21:19:20.426Z]   ✅ Gift card create: 0
[2026-02-20T21:19:20.432Z] ✅ Transazione completata!
[2026-02-20T21:19:20.432Z] 💳 Creazione sessione Stripe...
[2026-02-20T21:19:20.432Z]    Scadenza sessione: 2026-02-20T21:49:20.000Z
[2026-02-20T21:19:21.045Z] ✅ Sessione Stripe creata: cs_test_a1aw4OsnhGuOhMKnlskfVUE8OnpWgPmIZx2xkDPPmqIb5hlDNigi8qNEpi
[2026-02-20T21:19:21.046Z] 🎉 ORDINE COMPLETATO!
[2026-02-20T21:27:51.029Z] ==================================================
[2026-02-20T21:27:51.030Z] 🛒 NUOVO ORDINE RICEVUTO
[2026-02-20T21:27:51.031Z] Body ricevuto: {"email":"3oggetti@gmail.com","phone":"+321654987","items":[{"id":"cmluyctsb000ldg7otxg3s39b","type":"product","name":"Tote Bag","price":15,"quantity":1,"image":"/uploads/products/1771595909112-1920x1080_DATA_PESARO.jpg"},{"id":"cmluyctsh000ndg7ors6jau6n","type":"product","name":"Bicchiere Logo","price":12,"quantity":2,"image":"/uploads/products/1771595878629-Sfondo.jpg"}],"total":39,"type":"PRODUCT"}
[2026-02-20T21:27:51.032Z] Dati: email=3oggetti@gmail.com, phone=+321654987, items=2, total=39, type=PRODUCT
[2026-02-20T21:27:51.032Z] Prodotti: 2, Gift Card: 0
[2026-02-20T21:27:51.033Z] 📝 Generando numero ordine...
[2026-02-20T21:27:51.034Z] ✅ Numero ordine: 0006
[2026-02-20T21:27:51.035Z] 💾 Inizio transazione...
[2026-02-20T21:27:51.036Z]   🔍 Verifica disponibilità prodotti...
[2026-02-20T21:27:51.037Z]     Prodotto cmluyctsb000ldg7otxg3s39b - qty: 1
[2026-02-20T21:27:51.038Z]     Senza taglie - disponibile: 10
[2026-02-20T21:27:51.038Z]     Prodotto cmluyctsh000ndg7ors6jau6n - qty: 2
[2026-02-20T21:27:51.040Z]     Senza taglie - disponibile: 12
[2026-02-20T21:27:51.040Z]   ⬇️ Decremento disponibilità...
[2026-02-20T21:27:51.044Z]     Decrementato variant cmluyctsb000mdg7o4pis6aqd di 1
[2026-02-20T21:27:51.048Z]     Decrementato variant cmluyctsh000odg7o62y99h40 di 2
[2026-02-20T21:27:51.048Z]   📝 Creazione ordine...
[2026-02-20T21:27:51.055Z]   ✅ Ordine creato: cmlveik220001lur65300vdva
[2026-02-20T21:27:51.055Z]   🎁 Creazione gift card...
[2026-02-20T21:27:51.055Z]   ✅ Gift card create: 0
[2026-02-20T21:27:51.059Z] ✅ Transazione completata!
[2026-02-20T21:27:51.059Z] 💳 Creazione sessione Stripe...
[2026-02-20T21:27:51.060Z]    Scadenza sessione: 2026-02-20T21:57:51.000Z
[2026-02-20T21:27:51.758Z] ✅ Sessione Stripe creata: cs_test_b1itcLwtbdugsOCFF9qMmeVCrAd8kipNaucCCYbCgenEYKyVV4Q9J99hst
[2026-02-20T21:27:51.759Z] 🎉 ORDINE COMPLETATO!
[2026-02-20T21:28:36.984Z] ==================================================
[2026-02-20T21:28:36.985Z] 🛒 NUOVO ORDINE RICEVUTO
[2026-02-20T21:28:36.986Z] Body ricevuto: {"email":"gift@ssd.sdfsd","phone":"+65431987","items":[{"id":"cmluy8kx40002x48pq4mzxpxe","type":"gift-card","name":"Gift Card 100€","price":100,"quantity":1}],"total":100,"type":"GIFT_CARD"}
[2026-02-20T21:28:36.986Z] Dati: email=gift@ssd.sdfsd, phone=+65431987, items=1, total=100, type=GIFT_CARD
[2026-02-20T21:28:36.987Z] Prodotti: 0, Gift Card: 1
[2026-02-20T21:28:36.987Z] 📝 Generando numero ordine...
[2026-02-20T21:28:36.989Z] ✅ Numero ordine: 0007
[2026-02-20T21:28:36.989Z] 💾 Inizio transazione...
[2026-02-20T21:28:36.990Z]   🔍 Verifica disponibilità prodotti...
[2026-02-20T21:28:36.990Z]   ⬇️ Decremento disponibilità...
[2026-02-20T21:28:36.991Z]   📝 Creazione ordine...
[2026-02-20T21:28:36.996Z]   ✅ Ordine creato: cmlvejji90006lur6ja0pgd96
[2026-02-20T21:28:36.996Z]   🎁 Creazione gift card...
[2026-02-20T21:28:36.998Z]   ✅ Gift card create: 1
[2026-02-20T21:28:37.002Z] ✅ Transazione completata!
[2026-02-20T21:28:37.002Z] 💳 Creazione sessione Stripe...
[2026-02-20T21:28:37.003Z]    Scadenza sessione: 2026-02-20T21:58:37.000Z
[2026-02-20T21:28:37.503Z] ✅ Sessione Stripe creata: cs_test_a1rAfZcO6EtaYlry6RujaZVqIDyeq4ej9rwnIcFywd73CanJP087csPUha
[2026-02-20T21:28:37.504Z] 🎉 ORDINE COMPLETATO!
[2026-02-20T21:29:39.024Z] ==================================================
[2026-02-20T21:29:39.025Z] 🛒 NUOVO ORDINE RICEVUTO
[2026-02-20T21:29:39.026Z] Body ricevuto: {"email":"giftok@sdfs.sdfs","phone":"+321654895","items":[{"id":"cmluy8kx40001x48poyrejtd1","type":"gift-card","name":"Gift Card 50€","price":50,"quantity":2}],"total":100,"type":"GIFT_CARD"}
[2026-02-20T21:29:39.026Z] Dati: email=giftok@sdfs.sdfs, phone=+321654895, items=1, total=100, type=GIFT_CARD
[2026-02-20T21:29:39.027Z] Prodotti: 0, Gift Card: 1
[2026-02-20T21:29:39.027Z] 📝 Generando numero ordine...
[2026-02-20T21:29:39.029Z] ✅ Numero ordine: 0008
[2026-02-20T21:29:39.030Z] 💾 Inizio transazione...
[2026-02-20T21:29:39.031Z]   🔍 Verifica disponibilità prodotti...
[2026-02-20T21:29:39.031Z]   ⬇️ Decremento disponibilità...
[2026-02-20T21:29:39.032Z]   📝 Creazione ordine...
[2026-02-20T21:29:39.036Z]   ✅ Ordine creato: cmlvekvdl000alur6iskdly28
[2026-02-20T21:29:39.036Z]   🎁 Creazione gift card...
[2026-02-20T21:29:39.038Z]   ✅ Gift card create: 1
[2026-02-20T21:29:39.042Z] ✅ Transazione completata!
[2026-02-20T21:29:39.043Z] 💳 Creazione sessione Stripe...
[2026-02-20T21:29:39.043Z]    Scadenza sessione: 2026-02-20T21:59:39.000Z
[2026-02-20T21:29:39.463Z] ✅ Sessione Stripe creata: cs_test_a1MTSehqNlKrq2hDpvOsdbjFYc9L3CxKQtdWxt0eGUAuYtxRkQKA0ogRq3
[2026-02-20T21:29:39.464Z] 🎉 ORDINE COMPLETATO!
[2026-02-20T21:31:16.874Z] ==================================================
[2026-02-20T21:31:16.874Z] 🛒 NUOVO ORDINE RICEVUTO
[2026-02-20T21:31:16.875Z] Body ricevuto: {"email":"50e100@sdf.sdf","phone":"+321568495","items":[{"id":"cmluy8kx40001x48poyrejtd1","type":"gift-card","name":"Gift Card 50€","price":50,"quantity":1},{"id":"cmluy8kx40002x48pq4mzxpxe","type":"gift-card","name":"Gift Card 100€","price":100,"quantity":1}],"total":150,"type":"GIFT_CARD"}
[2026-02-20T21:31:16.876Z] Dati: email=50e100@sdf.sdf, phone=+321568495, items=2, total=150, type=GIFT_CARD
[2026-02-20T21:31:16.876Z] Prodotti: 0, Gift Card: 2
[2026-02-20T21:31:16.877Z] 📝 Generando numero ordine...
[2026-02-20T21:31:16.879Z] ✅ Numero ordine: 0009
[2026-02-20T21:31:16.879Z] 💾 Inizio transazione...
[2026-02-20T21:31:16.880Z]   🔍 Verifica disponibilità prodotti...
[2026-02-20T21:31:16.881Z]   ⬇️ Decremento disponibilità...
[2026-02-20T21:31:16.881Z]   📝 Creazione ordine...
[2026-02-20T21:31:16.885Z]   ✅ Ordine creato: cmlvemyvm000elur68gj7yh0e
[2026-02-20T21:31:16.885Z]   🎁 Creazione gift card...
[2026-02-20T21:31:16.888Z]   ✅ Gift card create: 2
[2026-02-20T21:31:16.892Z] ✅ Transazione completata!
[2026-02-20T21:31:16.892Z] 💳 Creazione sessione Stripe...
[2026-02-20T21:31:16.892Z]    Scadenza sessione: 2026-02-20T22:01:16.000Z
[2026-02-20T21:31:17.478Z] ✅ Sessione Stripe creata: cs_test_b1yC9vxL5AMzPKvO9LOaqt8fD90oIIM2JXLLMRi6XWjDlM4RBkkatRSfzF
[2026-02-20T21:31:17.479Z] 🎉 ORDINE COMPLETATO!
[2026-02-20T21:33:11.008Z] ==================================================
[2026-02-20T21:33:11.008Z] 🛒 NUOVO ORDINE RICEVUTO
[2026-02-20T21:33:11.009Z] Body ricevuto: {"email":"4gifr@dsfg.dfg","phone":"+6548925","items":[{"id":"cmluy8kx40001x48poyrejtd1","type":"gift-card","name":"Gift Card 50€","price":50,"quantity":2},{"id":"cmluy8kx40003x48pnr9irc5q","type":"gift-card","name":"Gift Card 200€","price":200,"quantity":2}],"total":500,"type":"GIFT_CARD"}
[2026-02-20T21:33:11.009Z] Dati: email=4gifr@dsfg.dfg, phone=+6548925, items=2, total=500, type=GIFT_CARD
[2026-02-20T21:33:11.010Z] Prodotti: 0, Gift Card: 2
[2026-02-20T21:33:11.010Z] 📝 Generando numero ordine...
[2026-02-20T21:33:11.011Z] ✅ Numero ordine: 0010
[2026-02-20T21:33:11.012Z] 💾 Inizio transazione...
[2026-02-20T21:33:11.013Z]   🔍 Verifica disponibilità prodotti...
[2026-02-20T21:33:11.013Z]   ⬇️ Decremento disponibilità...
[2026-02-20T21:33:11.013Z]   📝 Creazione ordine...
[2026-02-20T21:33:11.018Z]   ✅ Ordine creato: cmlvepexy000klur685w54t8v
[2026-02-20T21:33:11.018Z]   🎁 Creazione gift card...
[2026-02-20T21:33:11.020Z]   ✅ Gift card create: 2
[2026-02-20T21:33:11.025Z] ✅ Transazione completata!
[2026-02-20T21:33:11.026Z] 💳 Creazione sessione Stripe...
[2026-02-20T21:33:11.026Z]    Scadenza sessione: 2026-02-20T22:03:11.000Z
[2026-02-20T21:33:11.845Z] ✅ Sessione Stripe creata: cs_test_b1fN7O5jn6JHHXZzdKPV86IoK9n3Cb2nE5KXm8JQfXs3mGmtkcS44OAHx6
[2026-02-20T21:33:11.846Z] 🎉 ORDINE COMPLETATO!
[2026-02-20T21:59:48.818Z] ==================================================
[2026-02-20T21:59:48.818Z] 🛒 NUOVO ORDINE RICEVUTO
[2026-02-20T21:59:48.820Z] Body ricevuto: {"email":"3gif@sd.sdfs","phone":"+321564816589","items":[{"id":"cmluy8kx40001x48poyrejtd1","type":"gift-card","name":"Gift Card 50€","price":50,"quantity":2},{"id":"cmluy8kx40003x48pnr9irc5q","type":"gift-card","name":"Gift Card 200€","price":200,"quantity":1}],"total":300,"type":"GIFT_CARD"}
[2026-02-20T21:59:48.820Z] Dati: email=3gif@sd.sdfs, phone=+321564816589, items=2, total=300, type=GIFT_CARD
[2026-02-20T21:59:48.821Z] Prodotti: 0, Gift Card: 2
[2026-02-20T21:59:48.821Z] 📝 Generando numero ordine...
[2026-02-20T21:59:48.827Z] ✅ Numero ordine: 0011
[2026-02-20T21:59:48.827Z] 💾 Inizio transazione...
[2026-02-20T21:59:48.836Z]   🔍 Verifica disponibilità prodotti...
[2026-02-20T21:59:48.837Z]   ⬇️ Decremento disponibilità...
[2026-02-20T21:59:48.837Z]   📝 Creazione ordine...
[2026-02-20T21:59:48.845Z]   ✅ Ordine creato: cmlvfnnu1000187ux3of95wlu
[2026-02-20T21:59:48.845Z]   🎁 Creazione gift card...
[2026-02-20T21:59:48.849Z]   ✅ Gift card create: 3
[2026-02-20T21:59:48.853Z] ✅ Transazione completata!
[2026-02-20T21:59:48.853Z] 💳 Creazione sessione Stripe...
[2026-02-20T21:59:48.853Z]    Scadenza sessione: 2026-02-20T22:29:48.000Z
[2026-02-20T21:59:49.521Z] ✅ Sessione Stripe creata: cs_test_b14pEhG0TPRD2buOfRepXmOuPV4yxdad8aE7NUoquPpkVFKN20OXF80dJ1
[2026-02-20T21:59:49.522Z] 🎉 ORDINE COMPLETATO!
[2026-02-20T22:00:23.272Z] ==================================================
[2026-02-20T22:00:23.273Z] 🛒 NUOVO ORDINE RICEVUTO
[2026-02-20T22:00:23.274Z] Body ricevuto: {"email":"2gifmisto@sdfs.sdfs","phone":"+456189494161","items":[{"id":"cmluyctsb000ldg7otxg3s39b","type":"product","name":"Tote Bag","price":15,"quantity":2,"image":"/uploads/products/1771595909112-1920x1080_DATA_PESARO.jpg"},{"id":"cmluycts4000fdg7oeu7ub6lk","type":"product","name":"Maglietta \"Lo Scalo\" - S","price":25,"quantity":1,"size":"S","image":"/uploads/products/1771595922683-Maglietta_lo_scalo.jpg"},{"id":"cmluy8kx40001x48poyrejtd1","type":"gift-card","name":"Gift Card 50€","price":50,"quantity":2}],"total":155,"type":"MIXED"}
[2026-02-20T22:00:23.275Z] Dati: email=2gifmisto@sdfs.sdfs, phone=+456189494161, items=3, total=155, type=MIXED
[2026-02-20T22:00:23.275Z] Prodotti: 2, Gift Card: 1
[2026-02-20T22:00:23.276Z] 📝 Generando numero ordine...
[2026-02-20T22:00:23.277Z] ✅ Numero ordine: 0012
[2026-02-20T22:00:23.277Z] 💾 Inizio transazione...
[2026-02-20T22:00:23.279Z]   🔍 Verifica disponibilità prodotti...
[2026-02-20T22:00:23.279Z]     Prodotto cmluyctsb000ldg7otxg3s39b - qty: 2
[2026-02-20T22:00:23.280Z]     Senza taglie - disponibile: 10
[2026-02-20T22:00:23.281Z]     Prodotto cmluycts4000fdg7oeu7ub6lk - qty: 1
[2026-02-20T22:00:23.282Z]     Taglia S - disponibile: 3
[2026-02-20T22:00:23.282Z]   ⬇️ Decremento disponibilità...
[2026-02-20T22:00:23.287Z]     Decrementato variant cmluyctsb000mdg7o4pis6aqd di 2
[2026-02-20T22:00:23.289Z]     Decrementato variant cmluycts4000gdg7o6d2jcftt di 1
[2026-02-20T22:00:23.290Z]   📝 Creazione ordine...
[2026-02-20T22:00:23.295Z]   ✅ Ordine creato: cmlvfoef1000987uxph7vg4p8
[2026-02-20T22:00:23.296Z]   🎁 Creazione gift card...
[2026-02-20T22:00:23.297Z]   ✅ Gift card create: 2
[2026-02-20T22:00:23.301Z] ✅ Transazione completata!
[2026-02-20T22:00:23.302Z] 💳 Creazione sessione Stripe...
[2026-02-20T22:00:23.302Z]    Scadenza sessione: 2026-02-20T22:30:23.000Z
[2026-02-20T22:00:23.854Z] ✅ Sessione Stripe creata: cs_test_b10gOCnPduy7ifluJuYJwAKxlhxZlIN68WhAIsO60rjgOo34ieJTsCEg7V
[2026-02-20T22:00:23.855Z] 🎉 ORDINE COMPLETATO!
[2026-02-20T22:18:31.489Z] ==================================================
[2026-02-20T22:18:31.490Z] 🛒 NUOVO ORDINE RICEVUTO
[2026-02-20T22:18:31.494Z] Body ricevuto: {"email":"3gif@sdf.sdf","phone":"+8946146561569","items":[{"id":"cmluy8kx40001x48poyrejtd1","type":"gift-card","name":"Gift Card 50€","price":50,"quantity":2},{"id":"cmluy8kx40002x48pq4mzxpxe","type":"gift-card","name":"Gift Card 100€","price":100,"quantity":1}],"total":200,"type":"GIFT_CARD"}
[2026-02-20T22:18:31.495Z] Dati: email=3gif@sdf.sdf, phone=+8946146561569, items=2, total=200, type=GIFT_CARD
[2026-02-20T22:18:31.495Z] Prodotti: 0, Gift Card: 2
[2026-02-20T22:18:31.496Z] 📝 Generando numero ordine...
[2026-02-20T22:18:31.503Z] ✅ Numero ordine: 0013
[2026-02-20T22:18:31.504Z] 💾 Inizio transazione...
[2026-02-20T22:18:31.505Z]   🔍 Verifica disponibilità prodotti...
[2026-02-20T22:18:31.506Z]   ⬇️ Decremento disponibilità...
[2026-02-20T22:18:31.506Z]   📝 Creazione ordine...
[2026-02-20T22:18:31.512Z]   ✅ Ordine creato: cmlvgbq380001mrfwlmo5lnmb
[2026-02-20T22:18:31.513Z]   🎁 Creazione gift card...
[2026-02-20T22:18:31.516Z]   ✅ Gift card create: 3
[2026-02-20T22:18:31.520Z] ✅ Transazione completata!
[2026-02-20T22:18:31.521Z] 💳 Creazione sessione Stripe...
[2026-02-20T22:18:31.521Z]    Scadenza sessione: 2026-02-20T22:48:31.000Z
[2026-02-20T22:18:32.167Z] ✅ Sessione Stripe creata: cs_test_b1uNhLhgr1buKdnwa7cKwroyveCdFb6XrhaUHQDZysjeIYM5IbwPCwiUeP
[2026-02-20T22:18:32.167Z] 🎉 ORDINE COMPLETATO!
[2026-02-20T22:27:08.334Z] ==================================================
[2026-02-20T22:27:08.335Z] 🛒 NUOVO ORDINE RICEVUTO
[2026-02-20T22:27:08.337Z] Body ricevuto: {"email":"sdf456@sdf456.er","phone":"+3215949819615","items":[{"id":"cmluy8kx40001x48poyrejtd1","type":"gift-card","name":"Gift Card 50€","price":50,"quantity":1},{"id":"cmluy8kx40002x48pq4mzxpxe","type":"gift-card","name":"Gift Card 100€","price":100,"quantity":1},{"id":"cmluy8kx40003x48pnr9irc5q","type":"gift-card","name":"Gift Card 200€","price":200,"quantity":2}],"total":550,"type":"GIFT_CARD"}
[2026-02-20T22:27:08.337Z] Dati: email=sdf456@sdf456.er, phone=+3215949819615, items=3, total=550, type=GIFT_CARD
[2026-02-20T22:27:08.338Z] Prodotti: 0, Gift Card: 3
[2026-02-20T22:27:08.338Z] 📝 Generando numero ordine...
[2026-02-20T22:27:08.345Z] ✅ Numero ordine: 0014
[2026-02-20T22:27:08.346Z] 💾 Inizio transazione...
[2026-02-20T22:27:08.347Z]   🔍 Verifica disponibilità prodotti...
[2026-02-20T22:27:08.347Z]   ⬇️ Decremento disponibilità...
[2026-02-20T22:27:08.348Z]   📝 Creazione ordine...
[2026-02-20T22:27:08.354Z]   ✅ Ordine creato: cmlvgmsvy00014oyb00aw0zju
[2026-02-20T22:27:08.354Z]   🎁 Creazione gift card...
[2026-02-20T22:27:08.358Z]   ✅ Gift card create: 4
[2026-02-20T22:27:08.364Z] ✅ Transazione completata!
[2026-02-20T22:27:08.365Z] 💳 Creazione sessione Stripe...
[2026-02-20T22:27:08.365Z]    Scadenza sessione: 2026-02-20T22:57:08.000Z
[2026-02-20T22:27:09.058Z] ✅ Sessione Stripe creata: cs_test_b1FLpHs25RLwDBAWSZi9GeZAQzGbrrpimBB2bYSUctYpz1Glx8uXEDGlDA
[2026-02-20T22:27:09.059Z] 🎉 ORDINE COMPLETATO!
[2026-02-20T22:34:42.917Z] ==================================================
[2026-02-20T22:34:42.917Z] 🛒 NUOVO ORDINE RICEVUTO
[2026-02-20T22:34:42.919Z] Body ricevuto: {"email":"dfg@.dfgi.rt","phone":"+32165489","items":[{"id":"cmluy8kx40001x48poyrejtd1","type":"gift-card","name":"Gift Card 50€","price":50,"quantity":2}],"total":100,"type":"GIFT_CARD"}
[2026-02-20T22:34:42.920Z] Dati: email=dfg@.dfgi.rt, phone=+32165489, items=1, total=100, type=GIFT_CARD
[2026-02-20T22:34:42.920Z] Prodotti: 0, Gift Card: 1
[2026-02-20T22:34:42.921Z] 📝 Generando numero ordine...
[2026-02-20T22:34:42.928Z] ✅ Numero ordine: 0015
[2026-02-20T22:34:42.928Z] 💾 Inizio transazione...
[2026-02-20T22:34:42.931Z]   🔍 Verifica disponibilità prodotti...
[2026-02-20T22:34:42.932Z]   ⬇️ Decremento disponibilità...
[2026-02-20T22:34:42.932Z]   📝 Creazione ordine...
[2026-02-20T22:34:42.937Z]   ✅ Ordine creato: cmlvgwjnb000110bpeuvb0p7a
[2026-02-20T22:34:42.938Z]   🎁 Creazione gift card...
[2026-02-20T22:34:42.940Z]   ✅ Gift card create: 2
[2026-02-20T22:34:42.944Z] ✅ Transazione completata!
[2026-02-20T22:34:42.944Z] 💳 Creazione sessione Stripe...
[2026-02-20T22:34:42.944Z]    Scadenza sessione: 2026-02-20T23:04:42.000Z
[2026-02-20T22:34:43.364Z] ❌ ERRORE: {"type":"StripeInvalidRequestError","raw":{"code":"email_invalid","doc_url":"https://stripe.com/docs/error-codes/email-invalid","message":"Invalid email address: dfg@.dfgi.rt","param":"customer_email","request_log_url":"https://dashboard.stripe.com/acct_1T2ozQ4Zh4xenctp/test/workbench/logs?object=req_YvigaJU31RQmsf","type":"invalid_request_error","headers":{"server":"nginx","date":"Fri, 20 Feb 2026 22:34:43 GMT","content-type":"application/json","content-length":"362","connection":"keep-alive","access-control-allow-credentials":"true","access-control-allow-methods":"GET, HEAD, PUT, PATCH, POST, DELETE","access-control-allow-origin":"*","access-control-expose-headers":"Request-Id, Stripe-Manage-Version, Stripe-Should-Retry, X-Stripe-External-Auth-Required, X-Stripe-Privileged-Session-Required","access-control-max-age":"300","cache-control":"no-cache, no-store","content-security-policy":"base-uri 'none'; default-src 'none'; form-action 'none'; frame-ancestors 'none'; img-src 'self'; script-src 'self' 'report-sample'; style-src 'self'; worker-src 'none'; upgrade-insecure-requests; report-uri https://q.stripe.com/csp-violation?q=g0BL28uFupjBWq62D2-T5H1e9LnSEvd1S4SSa3brOFtTvjpTEzsDbrxtK7W1En8yODfr6maa_gyVE0Rq","idempotency-key":"stripe-node-retry-ccdf382d-9343-4852-a66f-6a1f5526aec3","original-request":"req_YvigaJU31RQmsf","request-id":"req_YvigaJU31RQmsf","stripe-version":"2026-01-28.clover","vary":"Origin","x-stripe-priority-routing-enabled":"true","x-stripe-routing-context-priority-tier":"api-testmode","x-wc":"ABGHIJ","strict-transport-security":"max-age=63072000; includeSubDomains; preload"},"statusCode":400,"requestId":"req_YvigaJU31RQmsf"},"rawType":"invalid_request_error","code":"email_invalid","doc_url":"https://stripe.com/docs/error-codes/email-invalid","param":"customer_email","headers":{"server":"nginx","date":"Fri, 20 Feb 2026 22:34:43 GMT","content-type":"application/json","content-length":"362","connection":"keep-alive","access-control-allow-credentials":"true","access-control-allow-methods":"GET, HEAD, PUT, PATCH, POST, DELETE","access-control-allow-origin":"*","access-control-expose-headers":"Request-Id, Stripe-Manage-Version, Stripe-Should-Retry, X-Stripe-External-Auth-Required, X-Stripe-Privileged-Session-Required","access-control-max-age":"300","cache-control":"no-cache, no-store","content-security-policy":"base-uri 'none'; default-src 'none'; form-action 'none'; frame-ancestors 'none'; img-src 'self'; script-src 'self' 'report-sample'; style-src 'self'; worker-src 'none'; upgrade-insecure-requests; report-uri https://q.stripe.com/csp-violation?q=g0BL28uFupjBWq62D2-T5H1e9LnSEvd1S4SSa3brOFtTvjpTEzsDbrxtK7W1En8yODfr6maa_gyVE0Rq","idempotency-key":"stripe-node-retry-ccdf382d-9343-4852-a66f-6a1f5526aec3","original-request":"req_YvigaJU31RQmsf","request-id":"req_YvigaJU31RQmsf","stripe-version":"2026-01-28.clover","vary":"Origin","x-stripe-priority-routing-enabled":"true","x-stripe-routing-context-priority-tier":"api-testmode","x-wc":"ABGHIJ","strict-transport-security":"max-age=63072000; includeSubDomains; preload"},"requestId":"req_YvigaJU31RQmsf","statusCode":400}
[2026-02-20T22:39:09.982Z] ==================================================
[2026-02-20T22:39:09.983Z] 🛒 NUOVO ORDINE RICEVUTO
[2026-02-20T22:39:09.985Z] Body ricevuto: {"email":"dfg@dfg.it","phone":"+321654987","items":[{"id":"cmluy8kx40001x48poyrejtd1","type":"gift-card","name":"Gift Card 50€","price":50,"quantity":3},{"id":"cmluy8kx40002x48pq4mzxpxe","type":"gift-card","name":"Gift Card 100€","price":100,"quantity":1}],"total":250,"type":"GIFT_CARD"}
[2026-02-20T22:39:09.986Z] Dati: email=dfg@dfg.it, phone=+321654987, items=2, total=250, type=GIFT_CARD
[2026-02-20T22:39:09.986Z] Prodotti: 0, Gift Card: 2
[2026-02-20T22:39:09.987Z] 📝 Generando numero ordine...
[2026-02-20T22:39:09.994Z] ✅ Numero ordine: 0016
[2026-02-20T22:39:09.994Z] 💾 Inizio transazione...
[2026-02-20T22:39:09.996Z]   🔍 Verifica disponibilità prodotti...
[2026-02-20T22:39:09.996Z]   ⬇️ Decremento disponibilità...
[2026-02-20T22:39:09.997Z]   📝 Creazione ordine...
[2026-02-20T22:39:10.003Z]   ✅ Ordine creato: cmlvh29ps0001gwwy15fyh1k1
[2026-02-20T22:39:10.003Z]   🎁 Creazione gift card...
[2026-02-20T22:39:10.006Z]   ✅ Gift card create: 4
[2026-02-20T22:39:10.010Z] ✅ Transazione completata!
[2026-02-20T22:39:10.011Z] 💳 Creazione sessione Stripe...
[2026-02-20T22:39:10.011Z]    Scadenza sessione: 2026-02-20T23:09:10.000Z
[2026-02-20T22:39:10.654Z] ✅ Sessione Stripe creata: cs_test_b1kfwNx693EJ0QvAzOQPmVF3FG0BgFeLZC0vFOoXvdPqHBEqnFm35fsSkb
[2026-02-20T22:39:10.655Z] 🎉 ORDINE COMPLETATO!
